<?xml version="1.0" encoding="UTF-8"?>
<!-- Generated by org.testng.reporters.JUnitReportReporter -->
<testsuite hostname="naveenautomationlabss-MacBook-Pro.local" failures="0" tests="1" name="RequestResponseSpecification.RequestSpecificationTest" time="2.712" errors="0" timestamp="2025-05-07T20:16:12 IST" skipped="0">
  <testcase classname="RequestResponseSpecification.RequestSpecificationTest" name="reqSpecGoRestAPIWithQueryParamsTest" time="2.712"/>
  <system-out/>
</testsuite> <!-- RequestResponseSpecification.RequestSpecificationTest -->
