<?xml version="1.0" encoding="UTF-8"?>
<!-- Generated by org.testng.reporters.JUnitReportReporter -->
<testsuite hostname="naveenautomationlabss-MacBook-Pro.local" failures="0" tests="1" name="XMLAPIs.FormulaOneAPITest" time="2.591" errors="0" timestamp="2025-04-28T21:31:36 IST" skipped="0">
  <testcase classname="XMLAPIs.FormulaOneAPITest" name="getFormulaOneTest" time="2.591"/>
  <system-out/>
</testsuite> <!-- XMLAPIs.FormulaOneAPITest -->
