<?xml version="1.0" encoding="UTF-8"?>
<!-- Generated by org.testng.reporters.JUnitReportReporter -->
<testsuite hostname="naveenautomationlabss-MacBook-Pro.local" failures="0" tests="1" name="DesrializationWithJSONArrayResponse.GetAllUsersTest" time="2.687" errors="0" timestamp="2025-04-21T20:15:25 IST" skipped="0">
  <testcase classname="DesrializationWithJSONArrayResponse.GetAllUsersTest" name="getAllUsersTest" time="2.687"/>
  <system-out/>
</testsuite> <!-- DesrializationWithJSONArrayResponse.GetAllUsersTest -->
