<?xml version="1.0" encoding="UTF-8"?>
<!-- Generated by org.testng.reporters.JUnitReportReporter -->
<testsuite hostname="naveenautomationlabss-MacBook-Pro.local" failures="0" tests="1" name="XMLAPITests.GORestXMLPathTest" time="2.076" errors="0" timestamp="2025-04-28T17:28:51 IST" skipped="0">
  <testcase classname="XMLAPITests.GORestXMLPathTest" name="gorestAPITest" time="2.076"/>
  <system-out/>
</testsuite> <!-- XMLAPITests.GORestXMLPathTest -->
