<?xml version="1.0" encoding="UTF-8"?>
<!-- Generated by org.testng.reporters.JUnitReportReporter -->
<testsuite hostname="naveenautomationlabss-MacBook-Pro.local" failures="0" tests="1" name="XMLAPIs.GetAllUsersXMLAPITest" time="4.175" errors="0" timestamp="2025-04-28T20:56:04 IST" skipped="0">
  <testcase classname="XMLAPIs.GetAllUsersXMLAPITest" name="getAllUserTestWithXml_Deserilization" time="4.175"/>
  <system-out/>
</testsuite> <!-- XMLAPIs.GetAllUsersXMLAPITest -->
