<?xml version="1.0" encoding="UTF-8"?>
<!-- Generated by org.testng.reporters.JUnitReportReporter -->
<testsuite hostname="naveenautomationlabss-MacBook-Pro.local" failures="0" tests="4" name="BookingAPITests.BookingAPITest" time="9.554" errors="0" timestamp="2025-04-16T21:44:12 IST" skipped="0">
  <testcase classname="BookingAPITests.BookingAPITest" name="getBookingTest" time="2.828"/>
  <system-out/>
  <testcase classname="BookingAPITests.BookingAPITest" name="deleteBookingTest" time="2.727"/>
  <system-out/>
  <testcase classname="BookingAPITests.BookingAPITest" name="createBookingTest" time="1.344"/>
  <system-out/>
  <testcase classname="BookingAPITests.BookingAPITest" name="updateBookingTest" time="2.655"/>
  <system-out/>
</testsuite> <!-- BookingAPITests.BookingAPITest -->
