<?xml version="1.0" encoding="UTF-8"?>
<!-- Generated by org.testng.reporters.JUnitReportReporter -->
<testsuite hostname="naveenautomationlabss-MacBook-Pro.local" failures="0" tests="1" name="RequestResponseSpecification.RequestResponseScpecificationTest" time="2.201" errors="0" timestamp="2025-05-07T20:50:20 IST" skipped="0">
  <testcase classname="RequestResponseSpecification.RequestResponseScpecificationTest" name="createUserTest" time="2.201"/>
  <system-out/>
</testsuite> <!-- RequestResponseSpecification.RequestResponseScpecificationTest -->
