<?xml version="1.0" encoding="UTF-8"?>
<!-- Generated by org.testng.reporters.JUnitReportReporter -->
<testsuite hostname="192.168.1.7" failures="0" tests="1" name="GETAPITestsWithBDD.ProductAPITest" time="2.420" errors="0" timestamp="2025-04-09T21:26:56 IST" skipped="0">
  <testcase classname="GETAPITestsWithBDD.ProductAPITest" name="getProductCountTest" time="2.420"/>
  <system-out/>
</testsuite> <!-- GETAPITestsWithBDD.ProductAPITest -->
