<?xml version="1.0" encoding="UTF-8"?>
<!-- Generated by org.testng.reporters.JUnitReportReporter -->
<testsuite hostname="naveenautomationlabss-MacBook-Pro.local" failures="0" tests="1" name="PetAPI.CreatePetTest" time="3.304" errors="0" timestamp="2025-04-23T20:12:30 IST" skipped="0">
  <testcase classname="PetAPI.CreatePetTest" name="createAPetUsingBuilderTest" time="3.304"/>
  <system-out/>
</testsuite> <!-- PetAPI.CreatePetTest -->
