<?xml version="1.0" encoding="UTF-8"?>
<!-- Generated by org.testng.reporters.JUnitReportReporter -->
<testsuite hostname="naveenautomationlabss-MacBook-Pro.local" failures="0" tests="1" name="DesrializationWithJSONArrayResponse.GetAllProductsTest" time="2.247" errors="0" timestamp="2025-04-21T20:37:18 IST" skipped="0">
  <testcase classname="DesrializationWithJSONArrayResponse.GetAllProductsTest" name="getAllProductsAPITest" time="2.247"/>
  <system-out/>
</testsuite> <!-- DesrializationWithJSONArrayResponse.GetAllProductsTest -->
