<?xml version="1.0" encoding="UTF-8"?>
<!-- Generated by org.testng.reporters.JUnitReportReporter -->
<testsuite hostname="naveenautomationlabss-MacBook-Pro.local" failures="0" tests="3" name="RequestResponseSpecification.RequestSpecReuseTest" time="4.610" errors="0" timestamp="2025-05-07T20:20:49 IST" skipped="0">
  <testcase classname="RequestResponseSpecification.RequestSpecReuseTest" name="getUserTest" time="1.088"/>
  <system-out/>
  <testcase classname="RequestResponseSpecification.RequestSpecReuseTest" name="getInvalidUserTest_404" time="1.807"/>
  <system-out/>
  <testcase classname="RequestResponseSpecification.RequestSpecReuseTest" name="getSingleUserTest" time="1.715"/>
  <system-out/>
</testsuite> <!-- RequestResponseSpecification.RequestSpecReuseTest -->
