<?xml version="1.0" encoding="UTF-8"?>
<!-- Generated by org.testng.reporters.JUnitReportReporter -->
<testsuite hostname="192.168.1.7" failures="0" tests="1" name="GETAPIWithNonBDD.GetContactsAPITest" time="4.066" errors="0" timestamp="2025-04-10T20:15:33 IST" skipped="0">
  <testcase classname="GETAPIWithNonBDD.GetContactsAPITest" name="getContactsTest" time="4.066"/>
  <system-out/>
</testsuite> <!-- GETAPIWithNonBDD.GetContactsAPITest -->
