<?xml version="1.0" encoding="UTF-8"?>
<!-- Generated by org.testng.reporters.JUnitReportReporter -->
<testsuite hostname="naveenautomationlabss-MacBook-Pro.local" failures="0" tests="1" name="AuthAPIs.OAuth2WithSpotifyAPI" time="2.563" errors="0" timestamp="2025-05-05T20:40:01 IST" skipped="0">
  <testcase classname="AuthAPIs.OAuth2WithSpotifyAPI" name="getAlbumsTest" time="2.563"/>
  <system-out/>
</testsuite> <!-- AuthAPIs.OAuth2WithSpotifyAPI -->
