<?xml version="1.0" encoding="UTF-8"?>
<!-- Generated by org.testng.reporters.JUnitReportReporter -->
<testsuite hostname="naveenautomationlabss-MacBook-Pro.local" failures="0" tests="1" name="RequestResponseSpecBuilder.RequestResponseSpecTest" time="2.788" errors="0" timestamp="2025-05-07T21:14:42 IST" skipped="0">
  <testcase classname="RequestResponseSpecBuilder.RequestResponseSpecTest" name="getUsersTest" time="2.788"/>
  <system-out/>
</testsuite> <!-- RequestResponseSpecBuilder.RequestResponseSpecTest -->
