<?xml version="1.0" encoding="UTF-8"?>
<!-- Generated by org.testng.reporters.JUnitReportReporter -->
<testsuite hostname="naveenautomationlabss-MacBook-Pro.local" failures="0" tests="1" name="POSTAPITests.CreateUserTest" time="4.260" errors="0" timestamp="2025-04-15T20:07:55 IST" skipped="0">
  <testcase classname="POSTAPITests.CreateUserTest" name="createUserWithJSONFileWithStringReplacementTest" time="4.260"/>
  <system-out/>
</testsuite> <!-- POSTAPITests.CreateUserTest -->
