<?xml version="1.0" encoding="UTF-8"?>
<!-- Generated by org.testng.reporters.JUnitReportReporter -->
<testsuite hostname="naveenautomationlabss-MacBook-Pro.local" failures="0" tests="1" name="RequestResponseSpecification.ResponseSpecificationTest" time="2.749" errors="0" timestamp="2025-05-07T20:28:43 IST" skipped="0">
  <testcase classname="RequestResponseSpecification.ResponseSpecificationTest" name="responseSpecTest" time="2.749"/>
  <system-out/>
</testsuite> <!-- RequestResponseSpecification.ResponseSpecificationTest -->
