<?xml version="1.0" encoding="UTF-8"?>
<!-- Generated by org.testng.reporters.JUnitReportReporter -->
<testsuite hostname="naveenautomationlabss-MacBook-Pro.local" failures="0" tests="1" name="AuthAPIs.AuthAPIsTest" time="3.098" errors="0" timestamp="2025-04-23T20:37:07 IST" skipped="0">
  <testcase classname="AuthAPIs.AuthAPIsTest" name="preemptiveAuthAPITest" time="3.098"/>
  <system-out/>
</testsuite> <!-- AuthAPIs.AuthAPIsTest -->
