<?xml version="1.0" encoding="UTF-8"?>
<!-- Generated by org.testng.reporters.JUnitReportReporter -->
<testsuite hostname="naveenautomationlabss-MacBook-Pro.local" failures="0" tests="1" name="CreateUserWithPOJO.CreateUserTestWithPOJO" time="5.658" errors="0" timestamp="2025-04-15T20:48:00 IST" skipped="0">
  <testcase classname="CreateUserWithPOJO.CreateUserTestWithPOJO" name="addUserTest" time="5.658"/>
  <system-out/>
</testsuite> <!-- CreateUserWithPOJO.CreateUserTestWithPOJO -->
