<?xml version="1.0" encoding="UTF-8"?>
<!-- Generated by org.testng.reporters.JUnitReportReporter -->
<testsuite hostname="naveenautomationlabss-MacBook-Pro.local" failures="0" tests="1" name="DeleteCallWithBDD.DeleteUSerTest" time="6.228" errors="0" timestamp="2025-04-16T20:55:34 IST" skipped="0">
  <testcase classname="DeleteCallWithBDD.DeleteUSerTest" name="updateUserTest" time="6.228"/>
  <system-out/>
</testsuite> <!-- DeleteCallWithBDD.DeleteUSerTest -->
