<?xml version="1.0" encoding="UTF-8"?>
<!-- Generated by org.testng.reporters.JUnitReportReporter -->
<testsuite hostname="naveenautomationlabss-MacBook-Pro.local" failures="0" tests="1" name="CreateUserWithPOJOAndLombok.CreateUserTestWithPOJO" time="2.490" errors="0" timestamp="2025-04-16T11:40:42 IST" skipped="0">
  <testcase classname="CreateUserWithPOJOAndLombok.CreateUserTestWithPOJO" name="addUserWithRecordTest" time="2.490"/>
  <system-out/>
</testsuite> <!-- CreateUserWithPOJOAndLombok.CreateUserTestWithPOJO -->
