<?xml version="1.0" encoding="UTF-8"?>
<!-- Generated by org.testng.reporters.JUnitReportReporter -->
<testsuite hostname="naveenautomationlabss-MacBook-Pro.local" failures="0" tests="1" name="PUTCallWithBDD.UpdateUserTest" time="5.998" errors="0" timestamp="2025-04-16T20:48:49 IST" skipped="0">
  <testcase classname="PUTCallWithBDD.UpdateUserTest" name="updateUserTest" time="5.998"/>
  <system-out/>
</testsuite> <!-- PUTCallWithBDD.UpdateUserTest -->
