<?xml version="1.0" encoding="UTF-8"?>
<!-- Generated by org.testng.reporters.JUnitReportReporter -->
<testsuite hostname="naveenautomationlabss-MacBook-Pro.local" failures="0" tests="1" name="XMLPathQuery.UserResponseWithXmlPathQuery" time="2.970" errors="0" timestamp="2025-05-08T19:39:59 IST" skipped="0">
  <testcase classname="XMLPathQuery.UserResponseWithXmlPathQuery" name="getUsersXMLTest" time="2.970"/>
  <system-out/>
</testsuite> <!-- XMLPathQuery.UserResponseWithXmlPathQuery -->
