<?xml version="1.0" encoding="UTF-8"?>
<!-- Generated by org.testng.reporters.JUnitReportReporter -->
<testsuite hostname="naveenautomationlabss-MacBook-Pro.local" failures="0" tests="1" name="JaywayJsonPathConcept.JsonPathFunctionsTest" time="2.550" errors="0" timestamp="2025-05-05T20:24:07 IST" skipped="0">
  <testcase classname="JaywayJsonPathConcept.JsonPathFunctionsTest" name="getProductAPITest_JsonPath" time="2.550"/>
  <system-out/>
</testsuite> <!-- JaywayJsonPathConcept.JsonPathFunctionsTest -->
