<?xml version="1.0" encoding="UTF-8"?>
<!-- Generated by org.testng.reporters.JUnitReportReporter -->
<testsuite hostname="naveenautomationlabss-MacBook-Pro.local" failures="0" tests="1" name="AuthAPIs.APIKeyTest" time="15.875" errors="0" timestamp="2025-04-23T21:27:03 IST" skipped="0">
  <testcase classname="AuthAPIs.APIKeyTest" name="getAlbumsTest" time="15.875"/>
  <system-out/>
</testsuite> <!-- AuthAPIs.APIKeyTest -->
