<?xml version="1.0" encoding="UTF-8"?>
<!-- Generated by org.testng.reporters.JUnitReportReporter -->
<testsuite hostname="192.168.1.7" failures="0" tests="1" name="PostAPIWithDifferentBodyTypes.PostAPIWithDifferentBody" time="4.795" errors="0" timestamp="2025-04-10T21:35:13 IST" skipped="0">
  <testcase classname="PostAPIWithDifferentBodyTypes.PostAPIWithDifferentBody" name="bodyWithImageFileTest" time="4.795"/>
  <system-out/>
</testsuite> <!-- PostAPIWithDifferentBodyTypes.PostAPIWithDifferentBody -->
