<?xml version="1.0" encoding="UTF-8"?>
<!-- Generated by org.testng.reporters.JUnitReportReporter -->
<testsuite hostname="naveenautomationlabss-MacBook-Pro.local" failures="0" tests="1" name="GetCallWithDeserialization.GetAUserTest" time="2.795" errors="0" timestamp="2025-04-16T20:28:23 IST" skipped="0">
  <testcase classname="GetCallWithDeserialization.GetAUserTest" name="getSingleUserTest" time="2.795"/>
  <system-out/>
</testsuite> <!-- GetCallWithDeserialization.GetAUserTest -->
