<?xml version="1.0" encoding="UTF-8"?>
<!-- Generated by org.testng.reporters.JUnitReportReporter -->
<testsuite hostname="192.168.1.7" failures="0" tests="1" name="GETAPITestsWithBDD.GetUserPostWithPathParam" time="1.916" errors="0" timestamp="2025-04-09T21:14:58 IST" skipped="0">
  <testcase classname="GETAPITestsWithBDD.GetUserPostWithPathParam" name="getUserWithPathParamUsingHashMapTest" time="1.916"/>
  <system-out/>
</testsuite> <!-- GETAPITestsWithBDD.GetUserPostWithPathParam -->
