<?xml version="1.0" encoding="UTF-8"?>
<!-- Generated by org.testng.reporters.JUnitReportReporter -->
<testsuite hostname="naveenautomationlabss-MacBook-Pro.local" failures="0" tests="1" name="RequestResponseSpecBuilder.ResponseSpecBuilderTest" time="2.849" errors="0" timestamp="2025-05-07T21:09:50 IST" skipped="0">
  <testcase classname="RequestResponseSpecBuilder.ResponseSpecBuilderTest" name="getUsersAuthFailTest" time="2.849"/>
  <system-out/>
</testsuite> <!-- RequestResponseSpecBuilder.ResponseSpecBuilderTest -->
