<?xml version="1.0" encoding="UTF-8"?>
<!-- Generated by org.testng.reporters.JUnitReportReporter -->
<testsuite hostname="naveenautomationlabss-MacBook-Pro.local" failures="0" tests="1" name="JaywayJsonPathConcept.FakeProductAPITest" time="2.140" errors="0" timestamp="2025-05-05T20:13:58 IST" skipped="0">
  <testcase classname="JaywayJsonPathConcept.FakeProductAPITest" name="getProductAPITest_JsonPath" time="2.140"/>
  <system-out/>
</testsuite> <!-- JaywayJsonPathConcept.FakeProductAPITest -->
