<?xml version="1.0" encoding="UTF-8"?>
<!-- Generated by org.testng.reporters.JUnitReportReporter -->
<testsuite hostname="naveenautomationlabss-MacBook-Pro.local" failures="0" tests="1" name="CertificateHandling.SSLCertificateTest" time="3.013" errors="0" timestamp="2025-04-28T21:50:04 IST" skipped="0">
  <testcase classname="CertificateHandling.SSLCertificateTest" name="sslWithConfigTest" time="3.013"/>
  <system-out/>
</testsuite> <!-- CertificateHandling.SSLCertificateTest -->
