<?xml version="1.0" encoding="UTF-8"?>
<!-- Generated by org.testng.reporters.JUnitReportReporter -->
<testsuite hostname="naveenautomationlabss-MacBook-Pro.local" failures="0" tests="3" name="CreateUserWithPOJOAndLombok.CreateAUserWithLombokTest" time="7.523" errors="0" timestamp="2025-04-15T21:21:41 IST" skipped="0">
  <testcase classname="CreateUserWithPOJOAndLombok.CreateAUserWithLombokTest" name="addUserWithLombokBuilderWithGetterTest" time="1.081"/>
  <system-out/>
  <testcase classname="CreateUserWithPOJOAndLombok.CreateAUserWithLombokTest" name="addUserWithLombokBuilderTest" time="4.436"/>
  <system-out/>
  <testcase classname="CreateUserWithPOJOAndLombok.CreateAUserWithLombokTest" name="addUserWithLombokTest" time="2.006"/>
  <system-out/>
</testsuite> <!-- CreateUserWithPOJOAndLombok.CreateAUserWithLombokTest -->
