<?xml version="1.0" encoding="UTF-8"?>
<!-- Generated by org.testng.reporters.JUnitReportReporter -->
<testsuite hostname="192.168.1.7" failures="0" tests="1" name="GETAPITestsWithBDD.GetUserWithQueryParam" time="2.819" errors="0" timestamp="2025-04-09T20:38:32 IST" skipped="0">
  <testcase classname="GETAPITestsWithBDD.GetUserWithQueryParam" name="getUsersTestWithQueryParamUsingHashMap" time="2.819"/>
  <system-out/>
</testsuite> <!-- GETAPITestsWithBDD.GetUserWithQueryParam -->
