<?xml version="1.0" encoding="UTF-8"?>
<!-- Generated by org.testng.reporters.JUnitReportReporter -->
<testsuite hostname="naveenautomationlabss-MacBook-Pro.local" failures="0" tests="2" name="RequestResponseSpecBuilder.RequestSpecBuilderTest" time="3.685" errors="0" timestamp="2025-05-07T21:00:32 IST" skipped="0">
  <testcase classname="RequestResponseSpecBuilder.RequestSpecBuilderTest" name="getUsersTest" time="2.643"/>
  <system-out/>
  <testcase classname="RequestResponseSpecBuilder.RequestSpecBuilderTest" name="getUsersWithQueryParamTest" time="1.042"/>
  <system-out/>
</testsuite> <!-- RequestResponseSpecBuilder.RequestSpecBuilderTest -->
