<?xml version="1.0" encoding="UTF-8"?>
<!-- Generated by org.testng.reporters.JUnitReportReporter -->
<testsuite hostname="naveenautomationlabss-MacBook-Pro.local" failures="0" tests="1" name="FakeUserAPI.FakeUserTest" time="3.031" errors="0" timestamp="2025-04-23T20:22:46 IST" skipped="0">
  <testcase classname="FakeUserAPI.FakeUserTest" name="createAFakeUserUsingBuilderTest" time="3.031"/>
  <system-out/>
</testsuite> <!-- FakeUserAPI.FakeUserTest -->
