<?xml version="1.0" encoding="UTF-8"?>
<!-- Generated by org.testng.reporters.JUnitReportReporter -->
<testsuite hostname="naveenautomationlabss-MacBook-Pro.local" failures="0" tests="1" name="RequestResponseSpecBuilder.OAuth2APIBuilderTest" time="3.561" errors="0" timestamp="2025-05-07T21:23:30 IST" skipped="0">
  <testcase classname="RequestResponseSpecBuilder.OAuth2APIBuilderTest" name="getAccessTokenTest" time="3.561"/>
  <system-out/>
</testsuite> <!-- RequestResponseSpecBuilder.OAuth2APIBuilderTest -->
