<?xml version="1.0" encoding="UTF-8"?>
<!-- Generated by org.testng.reporters.JUnitReportReporter -->
<testsuite hostname="naveenautomationlabss-MacBook-Pro.local" failures="0" tests="2" name="GETAPITestsWithBDD.ProductAPITest" time="1.045" errors="0" timestamp="2025-04-15T00:05:57 IST" skipped="0">
  <testcase classname="GETAPITestsWithBDD.ProductAPITest" name="getProductCountTest" time="0.554"/>
  <system-out/>
  <testcase classname="GETAPITestsWithBDD.ProductAPITest" name="getProductsTest" time="0.491"/>
  <system-out/>
</testsuite> <!-- GETAPITestsWithBDD.ProductAPITest -->
