<?xml version="1.0" encoding="UTF-8"?>
<!-- Generated by org.testng.reporters.JUnitReportReporter -->
<testsuite hostname="naveenautomationlabss-MacBook-Pro.local" failures="0" tests="1" name="GETAPIWithNonBDD.GetContactsAPITest" time="1.357" errors="0" timestamp="2025-04-15T00:05:57 IST" skipped="0">
  <testcase classname="GETAPIWithNonBDD.GetContactsAPITest" name="getContactsTest" time="1.357"/>
  <system-out/>
</testsuite> <!-- GETAPIWithNonBDD.GetContactsAPITest -->
